\BOOKMARK [0][-]{chapter.1}{\376\377\000E\000l\000e\000m\000e\000n\000t\000s\000\040\000o\000f\000\040\000K\000i\000n\000e\000m\000a\000t\000i\000c\000s\000\040\000a\000n\000d\000\040\000D\000y\000n\000a\000m\000i\000c\000s\000\040\000o\000f\000\040\000I\000n\000d\000u\000s\000t\000r\000i\000a\000l\000\040\000R\000o\000b\000o\000t\000s}{}% 1
\BOOKMARK [1][-]{section.1.1}{\376\377\000I\000n\000t\000r\000o\000d\000u\000c\000t\000i\000o\000n}{chapter.1}% 2
\BOOKMARK [2][-]{subsection.1.1.1}{\376\377\000D\000e\000g\000r\000e\000e\000s\000\040\000o\000f\000\040\000F\000r\000e\000e\000d\000o\000m\000\040\000o\000f\000\040\000a\000\040\000M\000a\000n\000i\000p\000u\000l\000a\000t\000o\000r}{section.1.1}% 3
\BOOKMARK [2][-]{subsection.1.1.2}{\376\377\000J\000o\000i\000n\000t\000\040\000S\000p\000a\000c\000e\000\040\000a\000n\000d\000\040\000W\000o\000r\000k\000\040\000S\000p\000a\000c\000e}{section.1.1}% 4
\BOOKMARK [2][-]{subsection.1.1.3}{\376\377\000T\000y\000p\000e\000s\000\040\000o\000f\000\040\000R\000o\000b\000o\000t\000i\000c\000\040\000M\000a\000n\000i\000p\000u\000l\000a\000t\000o\000r\000s}{section.1.1}% 5
\BOOKMARK [1][-]{section.1.2}{\376\377\000K\000i\000n\000e\000m\000a\000t\000i\000c\000\040\000m\000o\000d\000e\000l\000\040\000o\000f\000\040\000a\000\040\000m\000a\000n\000i\000p\000u\000l\000a\000t\000o\000r}{chapter.1}% 6
\BOOKMARK [2][-]{subsection.1.2.1}{\376\377\000F\000o\000r\000w\000a\000r\000d\000\040\000k\000i\000n\000e\000m\000a\000t\000i\000c\000s}{section.1.2}% 7
\BOOKMARK [2][-]{subsection.1.2.2}{\376\377\000I\000n\000v\000e\000r\000s\000e\000\040\000k\000i\000n\000e\000m\000a\000t\000i\000c\000s}{section.1.2}% 8
\BOOKMARK [2][-]{subsection.1.2.3}{\376\377\000D\000i\000f\000f\000e\000r\000e\000n\000t\000i\000a\000l\000\040\000k\000i\000n\000e\000m\000a\000t\000i\000c\000s\000\040\000-\000\040\000t\000h\000e\000\040\000J\000a\000c\000o\000b\000i\000a\000n}{section.1.2}% 9
\BOOKMARK [2][-]{subsection.1.2.4}{\376\377\000M\000a\000n\000i\000p\000u\000l\000a\000b\000i\000l\000i\000t\000y\000\040\000M\000e\000a\000s\000u\000r\000e\000s}{section.1.2}% 10
\BOOKMARK [0][-]{chapter.2}{\376\377\000D\000y\000n\000a\000m\000i\000c\000\040\000M\000o\000d\000e\000l\000\040\000o\000f\000\040\000R\000o\000b\000o\000t\000i\000c\000\040\000M\000a\000n\000i\000p\000u\000l\000a\000t\000o\000r\000s}{}% 11
\BOOKMARK [1][-]{section.2.1}{\376\377\000E\000u\000l\000e\000r\000-\000L\000a\000g\000r\000a\000n\000g\000e\000\040\000m\000o\000d\000e\000l}{chapter.2}% 12
\BOOKMARK [2][-]{subsection.2.1.1}{\376\377\000o\000b\000t\000a\000i\000n\000e\000d\000\040\000m\000o\000d\000e\000l}{section.2.1}% 13
\BOOKMARK [2][-]{subsection.2.1.2}{\376\377\000I\000d\000e\000n\000t\000i\000f\000i\000c\000a\000t\000i\000o\000n\000\040\000o\000f\000\040\000t\000h\000e\000\040\000d\000y\000n\000a\000m\000i\000c\000\040\000p\000a\000r\000a\000m\000e\000t\000e\000r\000s}{section.2.1}% 14
\BOOKMARK [2][-]{subsection.2.1.3}{\376\377\000D\000y\000n\000a\000m\000i\000c\000\040\000m\000o\000d\000e\000l\000\040\000i\000n\000\040\000s\000i\000m\000u\000l\000i\000n\000k}{section.2.1}% 15
\BOOKMARK [2][-]{subsection.2.1.4}{\376\377\000L\000i\000n\000e\000a\000r\000i\000z\000a\000t\000i\000o\000n\000\040\000o\000f\000\040\000t\000h\000e\000\040\000E\000u\000l\000e\000r\000-\000L\000a\000g\000r\000a\000n\000g\000e\000\040\000m\000o\000d\000e\000l}{section.2.1}% 16
\BOOKMARK [2][-]{subsection.2.1.5}{\376\377\000S\000y\000m\000b\000o\000l\000i\000c\000\040\000c\000o\000m\000p\000u\000t\000a\000t\000i\000o\000n\000\040\000o\000f\000\040\000t\000h\000e\000\040\000d\000y\000n\000a\000m\000i\000c\000\040\000m\000o\000d\000e\000l}{section.2.1}% 17
\BOOKMARK [1][-]{section.2.2}{\376\377\000N\000e\000w\000t\000o\000n\000-\000E\000u\000l\000e\000r\000\040\000m\000o\000d\000e\000l}{chapter.2}% 18
\BOOKMARK [1][-]{section.2.3}{\376\377\000D\000y\000n\000a\000m\000i\000c\000\040\000m\000o\000d\000e\000l\000\040\000i\000n\000\040\000t\000h\000e\000\040\000w\000o\000r\000k\000-\000s\000p\000a\000c\000e}{chapter.2}% 19
\BOOKMARK [0][-]{chapter.3}{\376\377\000C\000o\000n\000t\000r\000o\000l\000\040\000o\000f\000\040\000r\000o\000b\000o\000t\000\040\000m\000a\000n\000i\000p\000u\000l\000a\000t\000o\000r\000s}{}% 20
\BOOKMARK [1][-]{section.3.1}{\376\377\000N\000o\000m\000i\000n\000a\000l\000\040\000c\000a\000s\000e}{chapter.3}% 21
\BOOKMARK [1][-]{section.3.2}{\376\377\000D\000e\000c\000e\000n\000t\000r\000a\000l\000i\000z\000e\000d\000\040\000p\000o\000s\000i\000t\000i\000o\000n\000\040\000c\000o\000n\000t\000r\000o\000l}{chapter.3}% 22
\BOOKMARK [2][-]{subsection.3.2.1}{\376\377\000p\000o\000s\000s\000i\000b\000l\000e\000\040\000c\000o\000n\000t\000r\000o\000l\000\040\000s\000c\000h\000e\000m\000e}{section.3.2}% 23
\BOOKMARK [1][-]{section.3.3}{\376\377\000C\000e\000n\000t\000r\000a\000l\000i\000z\000e\000d\000\040\000c\000o\000n\000t\000r\000o\000l}{chapter.3}% 24
\BOOKMARK [2][-]{subsection.3.3.1}{\376\377\000P\000D\000\040\000+\000\040\000g\000r\000a\000v\000i\000t\000y\000\040\000c\000o\000m\000p\000e\000n\000s\000a\000t\000i\000o\000n}{section.3.3}% 25
\BOOKMARK [2][-]{subsection.3.3.2}{\376\377\000I\000n\000v\000e\000r\000s\000e\000\040\000d\000y\000n\000a\000m\000i\000c\000s\000\040\000c\000o\000n\000t\000r\000o\000l}{section.3.3}% 26
\BOOKMARK [0][-]{chapter.4}{\376\377\000A\000d\000v\000a\000n\000c\000e\000d\000\040\000P\000o\000s\000i\000t\000i\000o\000n\000\040\000C\000o\000n\000t\000r\000o\000l\000\040\000S\000c\000h\000e\000m\000e\000s}{}% 27
\BOOKMARK [1][-]{section.4.1}{\376\377\000R\000o\000b\000u\000s\000t\000\040\000C\000o\000n\000t\000r\000o\000l}{chapter.4}% 28
\BOOKMARK [2][-]{subsection.4.1.1}{\376\377\000V\000a\000r\000i\000a\000b\000l\000e\000\040\000S\000t\000r\000u\000c\000t\000u\000r\000e\000\040\000C\000o\000n\000t\000r\000o\000l}{section.4.1}% 29
\BOOKMARK [2][-]{subsection.4.1.2}{\376\377\000T\000h\000e\000\040\000c\000h\000a\000t\000t\000e\000r\000i\000n\000g\000\040\000p\000r\000o\000b\000l\000e\000m}{section.4.1}% 30
\BOOKMARK [2][-]{subsection.4.1.3}{\376\377\000R\000o\000b\000u\000s\000t\000\040\000c\000o\000n\000t\000r\000o\000l\000\040\000o\000f\000\040\000i\000n\000d\000u\000s\000t\000r\000i\000a\000l\000\040\000m\000a\000n\000i\000p\000u\000l\000a\000t\000o\000r\000s}{section.4.1}% 31
\BOOKMARK [1][-]{section.4.2}{\376\377\000A\000d\000a\000p\000t\000i\000v\000e\000\040\000C\000o\000n\000t\000r\000o\000l}{chapter.4}% 32
\BOOKMARK [2][-]{subsection.4.2.1}{\376\377\000R\000o\000b\000o\000t\000\040\000p\000a\000r\000a\000m\000e\000t\000e\000r\000s}{section.4.2}% 33
\BOOKMARK [2][-]{subsection.4.2.2}{\376\377\000I\000n\000v\000e\000r\000s\000e\000\040\000d\000y\000n\000a\000m\000i\000c\000s\000\040\000f\000e\000e\000d\000f\000o\000r\000w\000a\000r\000d\000\040\000+\000\040\000P\000D}{section.4.2}% 34
\BOOKMARK [2][-]{subsection.4.2.3}{\376\377\000N\000L\000\040\000c\000o\000n\000t\000r\000o\000l\000\040\000b\000a\000s\000e\000d\000\040\000o\000n\000\040\000f\000b\000\040\000l\000i\000n\000e\000a\000r\000i\000z\000a\000t\000i\000o\000n}{section.4.2}% 35
\BOOKMARK [2][-]{subsection.4.2.4}{\376\377\000N\000o\000n\000l\000i\000n\000e\000a\000r\000\040\000t\000r\000a\000c\000k\000i\000n\000g\000\040\000c\000o\000n\000t\000r\000o\000l\000\040\000l\000a\000w\000\040\000w\000i\000t\000h\000o\000u\000t\000\040\000c\000a\000n\000c\000e\000l\000a\000t\000i\000o\000n\000s}{section.4.2}% 36
\BOOKMARK [0][-]{chapter.5}{\376\377\000L\000e\000a\000r\000n\000i\000n\000g\000/\000R\000e\000p\000e\000t\000i\000t\000i\000v\000e\000\040\000C\000o\000n\000t\000r\000o\000l}{}% 37
\BOOKMARK [1][-]{section.5.1}{\376\377\000P\000D\000\040\000c\000o\000n\000t\000r\000o\000l\000\040\000w\000i\000t\000h\000o\000u\000t\000\040\000g\000r\000a\000v\000i\000t\000y\000\040\000c\000o\000m\000p\000e\000n\000s\000a\000t\000i\000o\000n}{chapter.5}% 38
\BOOKMARK [2][-]{subsection.5.1.1}{\376\377\000F\000i\000n\000a\000l\000\040\000c\000o\000m\000m\000e\000n\000t\000s}{section.5.1}% 39
\BOOKMARK [1][-]{section.5.2}{\376\377\000R\000e\000p\000e\000t\000i\000t\000i\000v\000e\000\040\000c\000o\000n\000t\000r\000o\000l}{chapter.5}% 40
\BOOKMARK [2][-]{subsection.5.2.1}{\376\377\000I\000n\000t\000e\000r\000n\000a\000l\000\040\000M\000o\000d\000e\000l\000\040\000P\000r\000i\000n\000c\000i\000p\000l\000e}{section.5.2}% 41
\BOOKMARK [2][-]{subsection.5.2.2}{\376\377\000F\000o\000u\000r\000i\000e\000r\000\040\000D\000e\000c\000o\000m\000p\000o\000s\000i\000t\000i\000o\000n\000\040\000a\000n\000d\000\040\000I\000M\000P}{section.5.2}% 42
\BOOKMARK [2][-]{subsection.5.2.3}{\376\377\000N\000y\000q\000u\000i\000s\000t\000-\000D\000r\000i\000v\000e\000n\000\040\000S\000t\000a\000b\000i\000l\000i\000t\000y\000\040\000A\000n\000a\000l\000y\000s\000i\000s}{section.5.2}% 43
\BOOKMARK [2][-]{subsection.5.2.4}{\376\377\000M\000o\000d\000i\000f\000i\000e\000d\000\040\000R\000e\000p\000e\000t\000i\000t\000i\000v\000e\000\040\000C\000o\000n\000t\000r\000o\000l\000\040\000S\000y\000s\000t\000e\000m}{section.5.2}% 44
\BOOKMARK [2][-]{subsection.5.2.5}{\376\377\000D\000i\000s\000c\000r\000e\000t\000e\000\040\000T\000i\000m\000e\000\040\000R\000e\000p\000e\000t\000i\000t\000i\000v\000e\000\040\000C\000o\000n\000t\000r\000o\000l}{section.5.2}% 45
\BOOKMARK [0][-]{chapter.6}{\376\377\000F\000o\000r\000c\000e\000\040\000C\000o\000n\000t\000r\000o\000l}{}% 46
\BOOKMARK [1][-]{section.6.1}{\376\377\000P\000a\000s\000s\000i\000v\000e\000\040\000C\000o\000m\000p\000l\000i\000a\000n\000c\000e}{chapter.6}% 47
\BOOKMARK [1][-]{section.6.2}{\376\377\000A\000c\000t\000i\000v\000e\000\040\000C\000o\000m\000p\000l\000i\000a\000n\000c\000e}{chapter.6}% 48
\BOOKMARK [2][-]{subsection.6.2.1}{\376\377\000S\000t\000i\000f\000f\000n\000e\000s\000s\000\040\000c\000o\000n\000t\000r\000o\000l}{section.6.2}% 49
\BOOKMARK [2][-]{subsection.6.2.2}{\376\377\000I\000m\000p\000e\000d\000a\000n\000c\000e\000\040\000c\000o\000n\000t\000r\000o\000l}{section.6.2}% 50
\BOOKMARK [1][-]{section.6.3}{\376\377\000H\000y\000b\000r\000i\000d\000\040\000p\000o\000s\000i\000t\000i\000o\000n\000/\000f\000o\000r\000c\000e\000\040\000c\000o\000n\000t\000r\000o\000l}{chapter.6}% 51
\BOOKMARK [0][-]{chapter.7}{\376\377\000T\000r\000a\000j\000e\000c\000t\000o\000r\000y\000\040\000p\000l\000a\000n\000n\000i\000n\000g\000\040\000f\000o\000r\000\040\000R\000o\000b\000o\000t\000\040\000M\000a\000n\000i\000p\000u\000l\000a\000t\000i\000o\000n}{}% 52
\BOOKMARK [1][-]{subsection.7.0.1}{\376\377\000G\000e\000o\000m\000e\000t\000r\000i\000c\000\040\000p\000a\000t\000h\000\040\000a\000n\000d\000\040\000m\000o\000t\000i\000o\000n\000\040\000l\000a\000w}{chapter.7}% 53
\BOOKMARK [1][-]{section.7.1}{\376\377\000J\000o\000i\000n\000t\000-\000s\000p\000a\000c\000e\000\040\000t\000r\000a\000j\000e\000c\000t\000o\000r\000i\000e\000s}{chapter.7}% 54
\BOOKMARK [2][-]{subsection.7.1.1}{\376\377\000P\000o\000l\000y\000n\000o\000m\000i\000a\000l\000\040\000t\000r\000a\000j\000e\000c\000t\000o\000r\000i\000e\000s}{section.7.1}% 55
\BOOKMARK [2][-]{subsection.7.1.2}{\376\377\000T\000r\000a\000p\000e\000z\000o\000i\000d\000a\000l\000\040\000t\000r\000a\000j\000e\000c\000t\000o\000r\000i\000e\000s}{section.7.1}% 56
\BOOKMARK [1][-]{section.7.2}{\376\377\000D\000a\000t\000a\000\040\000i\000n\000t\000e\000r\000p\000o\000l\000a\000t\000i\000o\000n\000\040\000v\000i\000a\000\040\000S\000p\000l\000i\000n\000e\000s}{chapter.7}% 57
\BOOKMARK [2][-]{subsection.7.2.1}{\376\377\000I\000n\000t\000r\000o\000d\000u\000c\000t\000i\000o\000n}{section.7.2}% 58
\BOOKMARK [2][-]{subsection.7.2.2}{\376\377\000C\000u\000b\000i\000c\000\040\000S\000p\000l\000i\000n\000e\000s}{section.7.2}% 59
\BOOKMARK [2][-]{subsection.7.2.3}{\376\377\000s\000y\000n\000c\000h\000r\000o\000n\000i\000z\000a\000t\000i\000o\000n\000\040\000o\000f\000\040\000m\000o\000r\000e\000\040\000m\000o\000t\000i\000o\000n\000\040\000a\000x\000e\000s}{section.7.2}% 60
\BOOKMARK [2][-]{subsection.7.2.4}{\376\377\000S\000c\000a\000l\000i\000n\000g}{section.7.2}% 61
\BOOKMARK [1][-]{section.7.3}{\376\377\000S\000c\000a\000l\000i\000n\000g\000\040\000T\000r\000a\000j\000e\000c\000t\000o\000r\000i\000e\000s}{chapter.7}% 62
\BOOKMARK [1][-]{section.7.4}{\376\377\000K\000i\000n\000e\000m\000a\000t\000i\000c\000\040\000S\000c\000a\000l\000i\000n\000g\000\040\000o\000f\000\040\000t\000r\000a\000j\000e\000c\000t\000o\000r\000i\000e\000s}{chapter.7}% 63
\BOOKMARK [1][-]{section.7.5}{\376\377\000D\000y\000n\000a\000m\000i\000c\000\040\000s\000c\000a\000l\000i\000n\000g\000\040\000o\000f\000\040\000t\000r\000a\000j\000e\000c\000t\000o\000r\000i\000e\000s}{chapter.7}% 64
\BOOKMARK [1][-]{section.7.6}{\376\377\000T\000r\000a\000j\000e\000c\000t\000o\000r\000i\000e\000s\000\040\000i\000n\000\040\000t\000h\000e\000\040\000W\000o\000r\000k\000s\000p\000a\000c\000e}{chapter.7}% 65
\BOOKMARK [1][-]{section.7.7}{\376\377\000A\000n\000a\000l\000y\000s\000i\000s\000\040\000o\000f\000\040\000T\000r\000a\000j\000e\000c\000t\000o\000r\000i\000e\000s}{chapter.7}% 66
\BOOKMARK [2][-]{subsection.7.7.1}{\376\377\000F\000r\000e\000q\000u\000e\000n\000c\000y\000\040\000a\000n\000a\000l\000y\000s\000i\000s\000\040\000o\000f\000\040\000t\000r\000a\000j\000e\000c\000t\000o\000r\000i\000e\000s}{section.7.7}% 67
