\BOOKMARK [0][-]{chapter.1}{\376\377\000I\000n\000t\000r\000o\000d\000u\000c\000t\000i\000o\000n\000\040\000t\000o\000\040\000o\000p\000t\000i\000m\000a\000l\000\040\000c\000o\000n\000t\000r\000o\000l}{}% 1
\BOOKMARK [1][-]{section.1.1}{\376\377\000O\000p\000t\000i\000m\000a\000l\000\040\000c\000o\000n\000t\000r\000o\000l\000\040\000p\000r\000o\000b\000l\000e\000m\000\040\000f\000o\000r\000m\000u\000l\000a\000t\000i\000o\000n}{chapter.1}% 2
\BOOKMARK [2][-]{subsection.1.1.1}{\376\377\000O\000p\000t\000i\000m\000i\000z\000a\000t\000i\000o\000n}{section.1.1}% 3
\BOOKMARK [2][-]{subsection.1.1.2}{\376\377\000D\000i\000s\000c\000r\000e\000t\000e\000-\000t\000i\000m\000e\000\040\000o\000p\000t\000i\000m\000a\000l\000\040\000c\000o\000n\000t\000r\000o\000l}{section.1.1}% 4
\BOOKMARK [0][-]{chapter.2}{\376\377\000N\000o\000n\000l\000i\000n\000e\000a\000r\000\040\000O\000p\000t\000i\000m\000i\000z\000a\000t\000i\000o\000n}{}% 5
\BOOKMARK [1][-]{section.2.1}{\376\377\000U\000n\000c\000o\000n\000s\000t\000r\000a\000i\000n\000e\000d\000\040\000O\000p\000t\000i\000m\000i\000z\000a\000t\000i\000o\000n}{chapter.2}% 6
\BOOKMARK [2][-]{subsection.2.1.1}{\376\377\000C\000o\000n\000d\000i\000t\000i\000o\000n\000s\000\040\000o\000f\000\040\000o\000p\000t\000i\000m\000a\000l\000i\000t\000y}{section.2.1}% 7
\BOOKMARK [2][-]{subsection.2.1.2}{\376\377\000M\000i\000n\000i\000m\000i\000z\000a\000t\000i\000o\000n\000\040\000o\000f\000\040\000c\000o\000n\000v\000e\000x\000\040\000f\000u\000n\000c\000t\000i\000o\000n\000s}{section.2.1}% 8
\BOOKMARK [2][-]{subsection.2.1.3}{\376\377\000Q\000u\000a\000d\000r\000a\000t\000i\000c\000\040\000p\000r\000o\000g\000r\000a\000m\000m\000i\000n\000g}{section.2.1}% 9
\BOOKMARK [1][-]{section.2.2}{\376\377\000U\000n\000c\000o\000n\000s\000t\000r\000a\000i\000n\000e\000d\000\040\000O\000p\000t\000i\000m\000i\000z\000a\000t\000i\000o\000n\000\040\000A\000l\000g\000o\000r\000i\000t\000h\000m\000s}{chapter.2}% 10
\BOOKMARK [2][-]{subsection.2.2.1}{\376\377\000I\000t\000e\000r\000a\000t\000i\000v\000e\000\040\000d\000e\000s\000c\000e\000n\000t\000\040\000m\000e\000t\000h\000o\000d\000s}{section.2.2}% 11
\BOOKMARK [2][-]{subsection.2.2.2}{\376\377\000G\000r\000a\000d\000i\000e\000n\000t\000\040\000m\000e\000t\000h\000o\000d\000s}{section.2.2}% 12
\BOOKMARK [2][-]{subsection.2.2.3}{\376\377\000g\000r\000a\000d\000i\000e\000n\000t\000\040\000m\000e\000t\000h\000o\000d}{section.2.2}% 13
\BOOKMARK [2][-]{subsection.2.2.4}{\376\377\000N\000e\000w\000t\000o\000n\000'\000s\000\040\000m\000e\000t\000h\000o\000d\000\040\000f\000o\000r\000\040\000r\000o\000o\000t\000\040\000f\000i\000n\000d\000i\000n\000g}{section.2.2}% 14
\BOOKMARK [2][-]{subsection.2.2.5}{\376\377\000N\000e\000w\000t\000o\000n\000'\000s\000\040\000m\000e\000t\000h\000o\000d\000\040\000f\000o\000r\000\040\000u\000n\000c\000o\000n\000s\000t\000r\000a\000i\000n\000e\000d\000\040\000o\000p\000t\000i\000m\000i\000z\000a\000t\000i\000o\000n}{section.2.2}% 15
\BOOKMARK [2][-]{subsection.2.2.6}{\376\377\000G\000r\000a\000d\000i\000e\000n\000t\000\040\000m\000e\000t\000h\000o\000d\000s\000\040\000v\000i\000a\000\040\000q\000u\000a\000d\000r\000a\000t\000i\000c\000\040\000o\000p\000t\000i\000m\000i\000z\000a\000t\000i\000o\000n}{section.2.2}% 16
\BOOKMARK [2][-]{subsection.2.2.7}{\376\377\000s\000t\000e\000p\000-\000s\000i\000z\000e\000\040\000s\000e\000l\000e\000c\000t\000i\000o\000n\000\040\000r\000u\000l\000e\000s}{section.2.2}% 17
\BOOKMARK [0][-]{chapter.3}{\376\377\000O\000p\000t\000i\000m\000a\000l\000i\000t\000y\000\040\000c\000o\000n\000d\000i\000t\000i\000o\000n\000s\000\040\000f\000o\000r\000\040\000o\000p\000t\000i\000m\000a\000l\000\040\000c\000o\000n\000t\000r\000o\000l}{}% 18
\BOOKMARK [0][-]{chapter.4}{\376\377\000L\000i\000n\000e\000a\000r\000\040\000Q\000u\000a\000d\000r\000a\000t\000i\000c\000\040\000\050\000L\000Q\000\051\000\040\000o\000p\000t\000i\000m\000a\000l\000\040\000c\000o\000n\000t\000r\000o\000l}{}% 19
\BOOKMARK [0][-]{chapter.5}{\376\377\000D\000y\000n\000a\000m\000i\000c\000\040\000P\000r\000o\000g\000r\000a\000m\000m\000i\000n\000g}{}% 20
\BOOKMARK [0][-]{chapter.6}{\376\377\000N\000u\000m\000e\000r\000i\000c\000a\000l\000\040\000m\000e\000t\000h\000o\000d\000s\000\040\000f\000o\000r\000\040\000n\000o\000n\000l\000i\000n\000e\000a\000r\000\040\000o\000p\000t\000i\000m\000a\000l\000\040\000c\000o\000n\000t\000r\000o\000l}{}% 21
\BOOKMARK [0][-]{chapter.7}{\376\377\000O\000p\000t\000i\000m\000i\000z\000a\000t\000i\000o\000n\000-\000b\000a\000s\000e\000d\000\040\000p\000r\000e\000d\000i\000c\000t\000i\000v\000e\000\040\000c\000o\000n\000t\000r\000o\000l}{}% 22
