\BOOKMARK [0][-]{chapter.1}{\376\377\000I\000n\000t\000r\000o\000d\000u\000c\000t\000i\000o\000n}{}% 1
\BOOKMARK [1][-]{section.1.1}{\376\377\000W\000h\000a\000t\000\040\000i\000s\000\040\000a\000\040\000s\000y\000s\000t\000e\000m\000?}{chapter.1}% 2
\BOOKMARK [2][-]{subsection.1.1.1}{\376\377\000L\000e\000a\000r\000n\000i\000n\000g\000\040\000m\000o\000d\000e\000s\000l\000\040\000f\000r\000o\000m\000\040\000d\000a\000t\000a}{section.1.1}% 3
\BOOKMARK [1][-]{section.1.2}{\376\377\000T\000y\000p\000e\000s\000\040\000o\000f\000\040\000l\000e\000a\000r\000n\000i\000n\000g}{chapter.1}% 4
\BOOKMARK [1][-]{section.1.3}{\376\377\000f\000i\000e\000l\000d\000s\000\040\000r\000e\000l\000a\000t\000e\000d\000\040\000t\000o\000\040\000l\000e\000a\000r\000n\000i\000n\000g\000\040\000f\000r\000o\000m\000\040\000d\000a\000t\000a}{chapter.1}% 5
\BOOKMARK [2][-]{subsection.1.3.1}{\376\377\000S\000y\000s\000t\000e\000m\000\040\000i\000d\000e\000n\000t\000i\000f\000i\000c\000a\000t\000i\000o\000n}{section.1.3}% 6
\BOOKMARK [1][-]{section.1.4}{\376\377\000L\000e\000a\000r\000n\000i\000n\000g\000\040\000s\000t\000e\000p\000s}{chapter.1}% 7
\BOOKMARK [0][-]{chapter.2}{\376\377\000S\000t\000o\000c\000h\000a\000s\000t\000i\000c\000\040\000P\000r\000o\000c\000e\000s\000s\000e\000s}{}% 8
\BOOKMARK [1][-]{section.2.1}{\376\377\000s\000t\000a\000t\000i\000o\000n\000a\000r\000y\000\040\000s\000t\000o\000c\000h\000a\000s\000t\000i\000c\000\040\000p\000r\000o\000c\000e\000s\000s\000e\000s}{chapter.2}% 9
\BOOKMARK [2][-]{subsection.2.1.1}{\376\377\000c\000r\000o\000s\000s\000-\000c\000o\000r\000r\000e\000l\000a\000t\000i\000o\000n\000\040\000a\000n\000d\000\040\000c\000r\000o\000s\000s\000-\000c\000o\000v\000a\000r\000i\000a\000n\000c\000e}{section.2.1}% 10
\BOOKMARK [1][-]{section.2.2}{\376\377\000v\000e\000c\000t\000o\000r\000\040\000s\000t\000o\000c\000h\000a\000s\000t\000i\000c\000\040\000p\000r\000o\000c\000e\000s\000s\000e\000s}{chapter.2}% 11
\BOOKMARK [1][-]{section.2.3}{\376\377\000g\000a\000u\000s\000s\000i\000a\000n\000\040\000p\000r\000o\000c\000e\000s\000s\000e\000s}{chapter.2}% 12
\BOOKMARK [1][-]{section.2.4}{\376\377\000w\000h\000i\000t\000e\000\040\000p\000r\000o\000c\000e\000s\000s\000e\000s}{chapter.2}% 13
\BOOKMARK [0][-]{chapter.3}{\376\377\000S\000t\000o\000c\000h\000a\000s\000t\000i\000c\000\040\000m\000o\000d\000e\000l\000s}{}% 14
\BOOKMARK [1][-]{section.3.1}{\376\377\000M\000a\000t\000l\000a\000b\000\040\000s\000t\000u\000f\000f}{chapter.3}% 15
\BOOKMARK [0][-]{chapter.4}{\376\377\000E\000s\000t\000m\000a\000t\000i\000o\000n\000\040\000p\000r\000o\000b\000l\000e\000m}{}% 16
\BOOKMARK [0][-]{chapter.5}{\376\377\000L\000i\000n\000e\000a\000r\000\040\000r\000e\000g\000r\000e\000s\000s\000i\000o\000n}{}% 17
\BOOKMARK [1][-]{section.5.1}{\376\377\000T\000h\000e\000\040\000L\000e\000a\000s\000t\000\040\000S\000q\000u\000a\000r\000e\000s\000\040\000M\000e\000t\000h\000o\000d}{chapter.5}% 18
\BOOKMARK [2][-]{subsection.5.1.1}{\376\377\000G\000e\000o\000m\000e\000t\000r\000i\000c\000a\000l\000\040\000i\000n\000t\000e\000r\000p\000r\000e\000t\000a\000t\000i\000o\000n\000\040\000o\000f\000\040\000t\000h\000e\000\040\000L\000S\000\040\000e\000s\000t\000i\000m\000a\000t\000e}{section.5.1}% 19
\BOOKMARK [2][-]{subsection.5.1.2}{\376\377\000S\000t\000a\000t\000i\000s\000t\000i\000c\000a\000l\000\040\000p\000r\000o\000p\000e\000r\000t\000i\000e\000s\000\040\000o\000f\000\040\000t\000h\000e\000\040\000L\000S\000\040\000e\000s\000t\000i\000m\000a\000t\000o\000r}{section.5.1}% 20
\BOOKMARK [2][-]{subsection.5.1.3}{\376\377\000L\000S\000\040\000e\000s\000t\000i\000m\000a\000t\000i\000o\000n\000\040\000f\000o\000\040\000A\000R\000X\000\040\000m\000o\000d\000e\000l\000s}{section.5.1}% 21
\BOOKMARK [2][-]{subsection.5.1.4}{\376\377\000A\000R\000X\000\040\000o\000p\000t\000i\000m\000a\000l\000\040\000\050\000o\000n\000e\000\040\000s\000t\000e\000p\000\040\000a\000h\000e\000a\000d\000\051\000\040\000p\000r\000e\000d\000i\000c\000t\000o\000r}{section.5.1}% 22
\BOOKMARK [2][-]{subsection.5.1.5}{\376\377\000L\000S\000\040\000e\000s\000t\000i\000m\000a\000t\000i\000o\000n\000\040\000o\000f\000\040\000A\000R\000\040\000m\000o\000d\000e\000l\000s}{section.5.1}% 23
\BOOKMARK [1][-]{section.5.2}{\376\377\000R\000e\000c\000u\000r\000s\000i\000v\000e\000\040\000l\000e\000a\000s\000t\000\040\000s\000q\000u\000a\000r\000e\000s}{chapter.5}% 24
\BOOKMARK [2][-]{subsection.5.2.1}{\376\377\000A\000s\000y\000m\000p\000t\000o\000t\000i\000c\000\040\000b\000e\000h\000a\000v\000i\000o\000u\000r\000\040\000o\000f\000\040\000t\000h\000e\000\040\000R\000L\000S\000\040\000a\000l\000g\000o\000r\000i\000t\000h\000m}{section.5.2}% 25
\BOOKMARK [2][-]{subsection.5.2.2}{\376\377\000R\000e\000c\000u\000r\000s\000i\000v\000e\000\040\000w\000i\000g\000h\000t\000e\000d\000\040\000l\000e\000a\000s\000t\000\040\000s\000q\000u\000a\000r\000e\000s}{section.5.2}% 26
\BOOKMARK [0][-]{chapter.6}{\376\377\000P\000r\000e\000d\000i\000c\000t\000i\000o\000n\000\040\000e\000r\000r\000o\000r\000\040\000m\000e\000t\000h\000o\000d\000s}{}% 27
\BOOKMARK [1][-]{subsection.6.0.1}{\376\377\000T\000h\000e\000\040\000N\000e\000w\000t\000o\000n\000-\000R\000a\000p\000h\000s\000o\000n\000\040\000A\000l\000g\000o\000r\000i\000t\000h\000m}{chapter.6}% 28
\BOOKMARK [2][-]{subsection.6.0.2}{\376\377\000T\000h\000e\000\040\000G\000a\000u\000s\000s\000-\000N\000e\000w\000t\000o\000n\000\040\000M\000e\000t\000h\000o\000d}{subsection.6.0.1}% 29
\BOOKMARK [2][-]{subsection.6.0.3}{\376\377\000I\000d\000e\000n\000t\000i\000f\000i\000c\000a\000t\000i\000o\000n\000\040\000o\000f\000\040\000A\000R\000M\000A\000X\000\040\000m\000o\000d\000e\000l\000s}{subsection.6.0.1}% 30
\BOOKMARK [2][-]{subsection.6.0.4}{\376\377\000I\000d\000e\000n\000t\000i\000f\000i\000c\000a\000t\000i\000o\000n\000\040\000o\000f\000\040\000A\000R\000A\000R\000X\000\040\000m\000o\000d\000e\000l\000s}{subsection.6.0.1}% 31
\BOOKMARK [2][-]{subsection.6.0.5}{\376\377\000S\000t\000a\000t\000i\000s\000t\000i\000c\000a\000l\000\040\000p\000r\000o\000p\000e\000r\000t\000i\000e\000s\000\040\000o\000f\000\040\000P\000E\000M\000\040\000e\000s\000t\000i\000m\000a\000t\000o\000r\000s}{subsection.6.0.1}% 32
\BOOKMARK [2][-]{subsection.6.0.6}{\376\377\000M\000I\000S\000O\000\040\000A\000R\000X\000\040\000m\000o\000d\000e\000l\000s}{subsection.6.0.1}% 33
\BOOKMARK [0][-]{chapter.7}{\376\377\000S\000t\000a\000t\000i\000s\000t\000i\000c\000a\000l\000\040\000h\000y\000p\000o\000t\000h\000e\000s\000i\000s\000\040\000t\000e\000s\000t\000i\000n\000g}{}% 34
\BOOKMARK [0][-]{chapter.8}{\376\377\000M\000o\000d\000e\000l\000\040\000c\000o\000m\000p\000l\000e\000x\000i\000t\000y\000\040\000s\000e\000l\000e\000c\000t\000i\000o\000n}{}% 35
\BOOKMARK [1][-]{section.8.1}{\376\377\000T\000h\000e\000\040\000F\000-\000t\000e\000s\000t}{chapter.8}% 36
\BOOKMARK [1][-]{section.8.2}{\376\377\000T\000h\000e\000\040\000f\000i\000n\000a\000l\000\040\000p\000r\000e\000d\000i\000c\000t\000i\000o\000n\000\040\000e\000r\000r\000o\000r\000\040\000\050\000F\000P\000E\000\051\000\040\000c\000r\000i\000t\000e\000r\000i\000o\000n}{chapter.8}% 37
\BOOKMARK [1][-]{section.8.3}{\376\377\000C\000r\000i\000t\000e\000r\000i\000a\000\040\000w\000i\000t\000h\000\040\000c\000o\000m\000p\000l\000e\000x\000i\000t\000y\000\040\000t\000e\000r\000m\000s}{chapter.8}% 38
\BOOKMARK [2][-]{subsection.8.3.1}{\376\377\000A\000k\000a\000i\000k\000e\000\040\000i\000n\000f\000o\000r\000m\000a\000t\000i\000o\000n\000\040\000c\000r\000i\000t\000e\000r\000i\000e\000n\000\040\000\050\000A\000I\000C\000\051}{section.8.3}% 39
\BOOKMARK [0][-]{chapter.9}{\376\377\000M\000o\000d\000e\000l\000\040\000a\000s\000s\000e\000s\000m\000e\000n\000t\000\040\000\050\000v\000a\000l\000i\000d\000a\000t\000i\000o\000n\000\051}{}% 40
\BOOKMARK [1][-]{section.9.1}{\376\377\000W\000h\000i\000t\000e\000n\000e\000s\000s\000\040\000t\000e\000s\000t}{chapter.9}% 41
\BOOKMARK [1][-]{section.9.2}{\376\377\000T\000e\000s\000t\000\040\000o\000f\000\040\000c\000r\000o\000s\000s\000-\000c\000o\000r\000r\000e\000l\000a\000t\000i\000o\000n}{chapter.9}% 42
\BOOKMARK [0][-]{chapter.10}{\376\377\000M\000a\000x\000i\000m\000u\000m\000\040\000l\000i\000k\000e\000l\000i\000h\000o\000o\000d\000\040\000e\000s\000t\000i\000m\000a\000t\000i\000o\000n}{}% 43
\BOOKMARK [1][-]{section.10.1}{\376\377\000t\000h\000e\000\040\000g\000a\000u\000s\000s\000i\000a\000n\000\040\000c\000a\000s\000e}{chapter.10}% 44
\BOOKMARK [2][-]{subsection.10.1.1}{\376\377\000t\000h\000e\000\040\000C\000r\000a\000m\000\351\000r\000-\000R\000a\000o\000\040\000l\000o\000w\000e\000r\000\040\000b\000o\000u\000n\000d}{section.10.1}% 45
\BOOKMARK [0][-]{chapter.11}{\376\377\000C\000l\000a\000s\000s\000i\000f\000i\000c\000a\000t\000i\000o\000n\000:\000\040\000p\000r\000o\000b\000a\000b\000i\000l\000i\000s\000t\000i\000c\000\040\000m\000o\000d\000e\000l\000s}{}% 46
\BOOKMARK [1][-]{section.11.1}{\376\377\000T\000h\000e\000\040\000B\000a\000y\000e\000s\000\040\000c\000l\000a\000s\000s\000i\000f\000i\000e\000r}{chapter.11}% 47
\BOOKMARK [1][-]{section.11.2}{\376\377\000L\000o\000g\000i\000s\000t\000i\000c\000\040\000r\000e\000g\000r\000e\000s\000s\000i\000o\000n}{chapter.11}% 48
\BOOKMARK [2][-]{subsection.11.2.1}{\376\377\000T\000h\000e\000\040\000g\000r\000a\000d\000i\000e\000n\000t\000\040\000d\000e\000s\000c\000e\000n\000t\000\040\000a\000l\000g\000o\000r\000i\000t\000h\000m}{section.11.2}% 49
\BOOKMARK [2][-]{subsection.11.2.2}{\376\377\000M\000u\000l\000t\000i\000c\000l\000a\000s\000s\000\040\000p\000r\000o\000b\000l\000e\000m\000s}{section.11.2}% 50
\BOOKMARK [2][-]{subsection.11.2.3}{\376\377\000D\000e\000a\000l\000i\000n\000g\000\040\000w\000i\000t\000h\000\040\000n\000o\000n\000l\000i\000n\000e\000a\000r\000\040\000b\000o\000u\000n\000d\000a\000r\000i\000e\000s}{section.11.2}% 51
\BOOKMARK [2][-]{subsection.11.2.4}{\376\377\000L\000i\000n\000e\000a\000r\000\040\000d\000i\000s\000c\000r\000i\000m\000i\000n\000a\000n\000t\000\040\000a\000n\000a\000l\000y\000s\000i\000s}{section.11.2}% 52
\BOOKMARK [2][-]{subsection.11.2.5}{\376\377\000G\000a\000u\000s\000s\000i\000a\000n\000\040\000c\000l\000a\000s\000s\000\040\000d\000e\000n\000s\000i\000t\000i\000e\000s\000\040\000w\000i\000t\000h\000\040\000c\000o\000m\000m\000m\000o\000n\000\040\000c\000o\000v\000a\000r\000i\000a\000n\000c\000e\000\040\000m\000a\000t\000r\000i\000x}{section.11.2}% 53
\BOOKMARK [2][-]{subsection.11.2.6}{\376\377\000G\000a\000u\000s\000s\000i\000a\000n\000\040\000c\000l\000a\000s\000s\000\040\000d\000e\000n\000i\000s\000i\000t\000i\000e\000s\000\040\000w\000i\000t\000h\000\040\000d\000i\000f\000f\000e\000r\000e\000n\000t\000\040\000c\000o\000v\000a\000r\000i\000a\000n\000c\000e\000\040\000m\000a\000t\000r\000i\000c\000e\000s}{section.11.2}% 54
\BOOKMARK [0][-]{chapter.12}{\376\377\000C\000l\000a\000s\000s\000i\000f\000i\000c\000a\000t\000i\000o\000n\000:\000\040\000d\000e\000t\000e\000r\000m\000i\000n\000i\000s\000t\000i\000c\000\040\000m\000o\000d\000e\000l\000s}{}% 55
\BOOKMARK [1][-]{subsection.12.0.1}{\376\377\000S\000e\000p\000a\000r\000a\000t\000i\000n\000g\000\040\000h\000y\000p\000e\000r\000p\000l\000a\000n\000e\000s}{chapter.12}% 56
\BOOKMARK [2][-]{subsection.12.0.2}{\376\377\000t\000h\000e\000\040\000m\000a\000x\000i\000m\000u\000m\000\040\000m\000a\000r\000g\000i\000n\000\040\000c\000l\000a\000s\000s\000i\000f\000i\000e\000r}{subsection.12.0.1}% 57
\BOOKMARK [1][-]{section.12.1}{\376\377\000C\000o\000n\000s\000t\000r\000a\000i\000n\000e\000d\000\040\000o\000p\000t\000i\000m\000i\000z\000a\000t\000i\000o\000n\000\040\000p\000r\000o\000b\000l\000e\000m\000s\000:\000\040\000t\000h\000e\000\040\000L\000a\000g\000r\000a\000n\000g\000e\000\040\000m\000u\000l\000t\000i\000p\000l\000i\000e\000r\000s}{chapter.12}% 58
\BOOKMARK [1][-]{section.12.2}{\376\377\000S\000u\000p\000p\000o\000r\000t\000\040\000v\000e\000c\000t\000o\000r\000\040\000m\000a\000c\000h\000i\000n\000e}{chapter.12}% 59
\BOOKMARK [2][-]{subsection.12.2.1}{\376\377\000D\000e\000a\000l\000i\000n\000g\000\040\000w\000i\000t\000h\000\040\000n\000o\000n\000l\000i\000n\000e\000a\000r\000\040\000b\000o\000u\000n\000d\000a\000r\000i\000e\000s\000:\000\040\000t\000h\000e\000\040\000k\000e\000r\000n\000e\000l\000\040\000t\000r\000i\000c\000k}{section.12.2}% 60
\BOOKMARK [2][-]{subsection.12.2.2}{\376\377\000M\000u\000l\000t\000i\000c\000l\000a\000s\000s\000\040\000p\000r\000o\000b\000l\000e\000m\000s}{section.12.2}% 61
\BOOKMARK [0][-]{chapter.13}{\376\377\000R\000e\000g\000u\000l\000a\000r\000i\000z\000a\000t\000i\000o\000n}{}% 62
\BOOKMARK [1][-]{section.13.1}{\376\377\000R\000e\000g\000u\000l\000a\000r\000i\000z\000e\000d\000\040\000l\000e\000a\000s\000t\000\040\000s\000q\000u\000a\000r\000e\000s\000:\000\040\000t\000h\000e\000\040\000R\000i\000d\000g\000e\000\040\000r\000e\000g\000r\000e\000s\000s\000i\000o\000n}{chapter.13}% 63
\BOOKMARK [0][-]{chapter.14}{\376\377\000O\000p\000t\000i\000m\000a\000l\000\040\000e\000s\000t\000i\000m\000a\000t\000i\000o\000n\000\040\000o\000f\000\040\000r\000a\000n\000d\000o\000m\000\040\000s\000i\000g\000n\000a\000l\000s}{}% 64
\BOOKMARK [1][-]{section.14.1}{\376\377\000t\000h\000e\000\040\000K\000a\000l\000m\000a\000n\000\040\000f\000i\000l\000t\000e\000r}{chapter.14}% 65
\BOOKMARK [2][-]{subsection.14.1.1}{\376\377\000D\000e\000t\000e\000r\000m\000i\000n\000i\000s\000t\000i\000c\000\040\000s\000t\000a\000t\000e\000\040\000s\000p\000a\000c\000e\000\040\000m\000o\000d\000e\000l\000s\000:\000\040\000t\000h\000e\000\040\000L\000u\000e\000n\000b\000e\000r\000g\000e\000r\000\040\000o\000b\000s\000e\000r\000v\000e\000r}{section.14.1}% 66
\BOOKMARK [2][-]{subsection.14.1.2}{\376\377\000S\000t\000o\000c\000h\000a\000s\000t\000i\000c\000\040\000s\000t\000a\000t\000e\000\040\000s\000p\000a\000c\000e\000\040\000m\000o\000d\000e\000l\000s}{section.14.1}% 67
\BOOKMARK [2][-]{subsection.14.1.3}{\376\377\000K\000a\000l\000m\000a\000n\000\040\000p\000r\000e\000d\000i\000c\000t\000o\000r\000\040\000f\000o\000r\000m}{section.14.1}% 68
\BOOKMARK [2][-]{subsection.14.1.4}{\376\377\000C\000o\000n\000v\000e\000r\000g\000e\000n\000c\000e\000\040\000o\000f\000\040\000t\000h\000e\000\040\000d\000i\000f\000f\000e\000r\000e\000n\000c\000e\000\040\000R\000i\000c\000c\000a\000t\000i\000\040\000e\000q\000u\000a\000t\000i\000o\000n}{section.14.1}% 69
\BOOKMARK [2][-]{subsection.14.1.5}{\376\377\000T\000i\000m\000e\000\040\000i\000n\000v\000a\000r\000i\000a\000n\000t\000\040\000f\000i\000l\000t\000e\000r\000\040\000\050\000p\000r\000e\000d\000i\000c\000t\000o\000r\000\051}{section.14.1}% 70
