This is pdfTeX, Version 3.141592653-2.6-1.40.22 (TeX Live 2022/dev/Debian) (preloaded format=pdflatex 2023.2.9)  23 FEB 2023 15:49
entering extended mode
 restricted \write18 enabled.
 file:line:error style messages enabled.
 %&-line parsing enabled.
**"/home/dante/Documents/lecture notes/MM4A/MM4AQ&A.tex"
(/home/dante/Documents/lecture notes/MM4A/MM4AQ&A.tex
LaTeX2e <2021-11-15> patch level 1
L3 programming layer <2022-01-21> (/usr/share/texlive/texmf-dist/tex/latex/base/article.cls
Document Class: article 2021/10/04 v1.4n Standard LaTeX document class
(/usr/share/texlive/texmf-dist/tex/latex/base/size10.clo
File: size10.clo 2021/10/04 v1.4n Standard LaTeX file (size option)
)
\c@part=\count185
\c@section=\count186
\c@subsection=\count187
\c@subsubsection=\count188
\c@paragraph=\count189
\c@subparagraph=\count190
\c@figure=\count191
\c@table=\count192
\abovecaptionskip=\skip47
\belowcaptionskip=\skip48
\bibindent=\dimen138
) (/usr/share/texlive/texmf-dist/tex/latex/amsmath/amsmath.sty
Package: amsmath 2021/10/15 v2.17l AMS math features
\@mathmargin=\skip49

For additional information on amsmath, use the `?' option.
(/usr/share/texlive/texmf-dist/tex/latex/amsmath/amstext.sty
Package: amstext 2021/08/26 v2.01 AMS text
 (/usr/share/texlive/texmf-dist/tex/latex/amsmath/amsgen.sty
File: amsgen.sty 1999/11/30 v2.0 generic functions
\@emptytoks=\toks16
\ex@=\dimen139
)) (/usr/share/texlive/texmf-dist/tex/latex/amsmath/amsbsy.sty
Package: amsbsy 1999/11/29 v1.2d Bold Symbols
\pmbraise@=\dimen140
) (/usr/share/texlive/texmf-dist/tex/latex/amsmath/amsopn.sty
Package: amsopn 2021/08/26 v2.02 operator names
)
\inf@bad=\count193
LaTeX Info: Redefining \frac on input line 234.
\uproot@=\count194
\leftroot@=\count195
LaTeX Info: Redefining \overline on input line 399.
\classnum@=\count196
\DOTSCASE@=\count197
LaTeX Info: Redefining \ldots on input line 496.
LaTeX Info: Redefining \dots on input line 499.
LaTeX Info: Redefining \cdots on input line 620.
\Mathstrutbox@=\box50
\strutbox@=\box51
\big@size=\dimen141
LaTeX Font Info:    Redeclaring font encoding OML on input line 743.
LaTeX Font Info:    Redeclaring font encoding OMS on input line 744.
\macc@depth=\count198
\c@MaxMatrixCols=\count199
\dotsspace@=\muskip16
\c@parentequation=\count266
\dspbrk@lvl=\count267
\tag@help=\toks17
\row@=\count268
\column@=\count269
\maxfields@=\count270
\andhelp@=\toks18
\eqnshift@=\dimen142
\alignsep@=\dimen143
\tagshift@=\dimen144
\tagwidth@=\dimen145
\totwidth@=\dimen146
\lineht@=\dimen147
\@envbody=\toks19
\multlinegap=\skip50
\multlinetaggap=\skip51
\mathdisplay@stack=\toks20
LaTeX Info: Redefining \[ on input line 2938.
LaTeX Info: Redefining \] on input line 2939.
) (/usr/share/texlive/texmf-dist/tex/latex/amscls/amsthm.sty
Package: amsthm 2020/05/29 v2.20.6
\thm@style=\toks21
\thm@bodyfont=\toks22
\thm@headfont=\toks23
\thm@notefont=\toks24
\thm@headpunct=\toks25
\thm@preskip=\skip52
\thm@postskip=\skip53
\thm@headsep=\skip54
\dth@everypar=\toks26
) (/usr/share/texlive/texmf-dist/tex/latex/graphics/graphicx.sty
Package: graphicx 2021/09/16 v1.2d Enhanced LaTeX Graphics (DPC,SPQR)
 (/usr/share/texlive/texmf-dist/tex/latex/graphics/keyval.sty
Package: keyval 2014/10/28 v1.15 key=value parser (DPC)
\KV@toks@=\toks27
) (/usr/share/texlive/texmf-dist/tex/latex/graphics/graphics.sty
Package: graphics 2021/03/04 v1.4d Standard LaTeX Graphics (DPC,SPQR)
 (/usr/share/texlive/texmf-dist/tex/latex/graphics/trig.sty
Package: trig 2021/08/11 v1.11 sin cos tan (DPC)
) (/usr/share/texlive/texmf-dist/tex/latex/graphics-cfg/graphics.cfg
File: graphics.cfg 2016/06/04 v1.11 sample graphics configuration
)
Package graphics Info: Driver file: pdftex.def on input line 107.
 (/usr/share/texlive/texmf-dist/tex/latex/graphics-def/pdftex.def
File: pdftex.def 2020/10/05 v1.2a Graphics/color driver for pdftex
))
\Gin@req@height=\dimen148
\Gin@req@width=\dimen149
) (/usr/share/texlive/texmf-dist/tex/generic/babel/babel.sty
Package: babel 2022/01/26 3.70 The Babel package
\babel@savecnt=\count271
\U@D=\dimen150
\l@unhyphenated=\language7
 (/usr/share/texlive/texmf-dist/tex/generic/babel/txtbabel.def)
\bbl@readstream=\read2
\bbl@dirlevel=\count272
 (/usr/share/texlive/texmf-dist/tex/generic/babel-english/english.ldf
Language: english 2017/06/06 v3.3r English support from the babel system
Package babel Info: Hyphen rules for 'british' set to \l@english
(babel)             (\language0). Reported on input line 82.
Package babel Info: Hyphen rules for 'UKenglish' set to \l@english
(babel)             (\language0). Reported on input line 83.
Package babel Info: Hyphen rules for 'canadian' set to \l@english
(babel)             (\language0). Reported on input line 102.
Package babel Info: Hyphen rules for 'australian' set to \l@english
(babel)             (\language0). Reported on input line 105.
Package babel Info: Hyphen rules for 'newzealand' set to \l@english
(babel)             (\language0). Reported on input line 108.
)) (/usr/share/texlive/texmf-dist/tex/latex/l3backend/l3backend-pdftex.def
File: l3backend-pdftex.def 2022-01-12 L3 backend support: PDF output (pdfTeX)
\l__color_backend_stack_int=\count273
\l__pdf_internal_box=\box52
) (./MM4AQ&A.aux)
\openout1 = `MM4AQ&A.aux'.

LaTeX Font Info:    Checking defaults for OML/cmm/m/it on input line 10.
LaTeX Font Info:    ... okay on input line 10.
LaTeX Font Info:    Checking defaults for OMS/cmsy/m/n on input line 10.
LaTeX Font Info:    ... okay on input line 10.
LaTeX Font Info:    Checking defaults for OT1/cmr/m/n on input line 10.
LaTeX Font Info:    ... okay on input line 10.
LaTeX Font Info:    Checking defaults for T1/cmr/m/n on input line 10.
LaTeX Font Info:    ... okay on input line 10.
LaTeX Font Info:    Checking defaults for TS1/cmr/m/n on input line 10.
LaTeX Font Info:    ... okay on input line 10.
LaTeX Font Info:    Checking defaults for OMX/cmex/m/n on input line 10.
LaTeX Font Info:    ... okay on input line 10.
LaTeX Font Info:    Checking defaults for U/cmr/m/n on input line 10.
LaTeX Font Info:    ... okay on input line 10.
 (/usr/share/texlive/texmf-dist/tex/context/base/mkii/supp-pdf.mkii
[Loading MPS to PDF converter (version 2006.09.02).]
\scratchcounter=\count274
\scratchdimen=\dimen151
\scratchbox=\box53
\nofMPsegments=\count275
\nofMParguments=\count276
\everyMPshowfont=\toks28
\MPscratchCnt=\count277
\MPscratchDim=\dimen152
\MPnumerator=\count278
\makeMPintoPDFobject=\count279
\everyMPtoPDFconversion=\toks29
) (/usr/share/texlive/texmf-dist/tex/latex/epstopdf-pkg/epstopdf-base.sty
Package: epstopdf-base 2020-01-24 v2.11 Base part for package epstopdf
 (/usr/share/texlive/texmf-dist/tex/generic/infwarerr/infwarerr.sty
Package: infwarerr 2019/12/03 v1.5 Providing info/warning/error messages (HO)
) (/usr/share/texlive/texmf-dist/tex/latex/grfext/grfext.sty
Package: grfext 2019/12/03 v1.3 Manage graphics extensions (HO)
 (/usr/share/texlive/texmf-dist/tex/generic/kvdefinekeys/kvdefinekeys.sty
Package: kvdefinekeys 2019-12-19 v1.6 Define keys (HO)
)) (/usr/share/texlive/texmf-dist/tex/latex/kvoptions/kvoptions.sty
Package: kvoptions 2020-10-07 v3.14 Key value format for package options (HO)
 (/usr/share/texlive/texmf-dist/tex/generic/ltxcmds/ltxcmds.sty
Package: ltxcmds 2020-05-10 v1.25 LaTeX kernel commands for general use (HO)
) (/usr/share/texlive/texmf-dist/tex/generic/kvsetkeys/kvsetkeys.sty
Package: kvsetkeys 2019/12/15 v1.18 Key value parser (HO)
)) (/usr/share/texlive/texmf-dist/tex/generic/pdftexcmds/pdftexcmds.sty
Package: pdftexcmds 2020-06-27 v0.33 Utility functions of pdfTeX for LuaTeX (HO)
 (/usr/share/texlive/texmf-dist/tex/generic/iftex/iftex.sty
Package: iftex 2020/03/06 v1.0d TeX engine tests
)
Package pdftexcmds Info: \pdf@primitive is available.
Package pdftexcmds Info: \pdf@ifprimitive is available.
Package pdftexcmds Info: \pdfdraftmode found.
)
Package epstopdf-base Info: Redefining graphics rule for `.eps' on input line 485.
Package grfext Info: Graphics extension search list:
(grfext)             [.pdf,.png,.jpg,.mps,.jpeg,.jbig2,.jb2,.PDF,.PNG,.JPG,.JPEG,.JBIG2,.JB2,.eps]
(grfext)             \AppendGraphicsExtensions on input line 504.
 (/usr/share/texlive/texmf-dist/tex/latex/latexconfig/epstopdf-sys.cfg
File: epstopdf-sys.cfg 2010/07/13 v1.3 Configuration of (r)epstopdf for TeX Live
))
Overfull \hbox (46.37949pt too wide) in paragraph at lines 18--18
[]\OT1/cmr/bx/n/14.4 3-wheel (tri-cy-cle) model with no slip-ping: schematic;
 []


Overfull \hbox (10.41115pt too wide) in paragraph at lines 30--30
[]\OT1/cmr/bx/n/14.4 Infinitesimal mo-tion in 3D space: rate of change
 []


Overfull \hbox (2.49953pt too wide) in paragraph at lines 30--30
\OT1/cmr/bx/n/14.4 of a vec-tor and an-gu-lar ve-loc-ity; ad-di-tive prop-
 []


Overfull \hbox (21.76126pt too wide) in paragraph at lines 30--30
\OT1/cmr/bx/n/14.4 er-ties of an-gu-lar ve-loc-ity. De-scribe with schemat-
 []


Overfull \hbox (9.6028pt too wide) in paragraph at lines 34--34
[]\OT1/cmr/bx/n/14.4 Infinitesimal mo-tion in 3D space: vec-tor deriva-
 []


Overfull \hbox (4.5947pt too wide) in paragraph at lines 34--34
\OT1/cmr/bx/n/14.4 tives with re-spect to dif-fer-ent ref-er-ence frames;
 []


Overfull \hbox (3.06458pt too wide) in paragraph at lines 34--34
\OT1/cmr/bx/n/14.4 an-gu-lar ac-cel-er-a-tion; ad-di-tive prop-er-ties of an-
 []


Overfull \hbox (7.34633pt too wide) in paragraph at lines 66--66
[]\OT1/cmr/bx/n/14.4 Derive the La-grange equa-tions for con-strained
 []


Overfull \hbox (14.32454pt too wide) in paragraph at lines 73--73
\OT1/cmr/bx/n/14.4 with-out dis-si-pa-tions and with dis-si-pa-tion (both
 []


Overfull \hbox (2.5829pt too wide) in paragraph at lines 76--76
[]\OT1/cmr/bx/n/14.4 (maybe not) Motor-load cou-pling: mo-tor me-
 []


Overfull \hbox (17.93791pt too wide) in paragraph at lines 76--76
\OT1/cmr/bx/n/14.4 chan-i-cal char-ac-ter-is-tic; mo-tor op-er-a-tion ranges;
 []


Overfull \hbox (10.54463pt too wide) in paragraph at lines 76--76
\OT1/cmr/bx/n/14.4 load op-er-a-tion ranges. De-scribe with schemat-
 []


Overfull \hbox (15.50966pt too wide) in paragraph at lines 84--84
[]\OT1/cmr/bx/n/14.4 Schematics, equa-tions and plot of the re-sponses
 []


Overfull \hbox (1.6246pt too wide) in paragraph at lines 92--92
[]\OT1/cmr/bx/n/14.4 Optimal trans-mis-sion ra-tio dur-ing tran-sients:
 []


Overfull \hbox (15.50966pt too wide) in paragraph at lines 96--96
[]\OT1/cmr/bx/n/14.4 Schematics, equa-tions and plot of the re-sponses
 []


Overfull \hbox (15.86958pt too wide) in paragraph at lines 102--102
[]\OT1/cmr/bx/n/14.4 Delta robot kine-mat-ics: gen-er-al-i-ties (di-a-grams,
 []


Overfull \hbox (12.22313pt too wide) in paragraph at lines 104--104
\OT1/cmr/bx/n/14.4 re-sponse of first or-der (mass-damper or spring-
 []


Overfull \hbox (15.38142pt too wide) in paragraph at lines 107--107
\OT1/cmr/bx/n/14.4 re-sponse of sec-ond or-der (mass-spring-damper)
 []


Overfull \hbox (2.0095pt too wide) in paragraph at lines 107--107
\OT1/cmr/bx/n/14.4 damp-ing, crit-i-cally damp-ing and un-der-damp-
 []


Overfull \hbox (3.55803pt too wide) in paragraph at lines 109--109
\OT1/cmr/bx/n/14.4 springdamper) sys-tems with 1 d.o.f. De-scribe
 []


Overfull \hbox (3.3046pt too wide) in paragraph at lines 112--112
\OT1/cmr/bx/n/14.4 the Rayleigh's en-ergy method: schematic and
 []


Overfull \hbox (9.11964pt too wide) in paragraph at lines 115--115
[]\OT1/cmr/bx/n/14.4 Schematic, equa-tions and plots of the re-sponse
 []


Overfull \hbox (9.11964pt too wide) in paragraph at lines 118--118
[]\OT1/cmr/bx/n/14.4 Schematic, equa-tions and plots of the re-sponse
 []


Overfull \hbox (9.11964pt too wide) in paragraph at lines 121--121
[]\OT1/cmr/bx/n/14.4 Schematic, equa-tions and plots of the re-sponse
 []


Overfull \hbox (9.11964pt too wide) in paragraph at lines 124--124
[]\OT1/cmr/bx/n/14.4 Schematic, equa-tions and plots of the re-sponse
 []


Overfull \hbox (9.11964pt too wide) in paragraph at lines 127--127
[]\OT1/cmr/bx/n/14.4 Schematic, equa-tions and plots of the re-sponse
 []


Overfull \hbox (12.5562pt too wide) in paragraph at lines 130--130
[]\OT1/cmr/bx/n/14.4 Damping es-ti-ma-tion by the band-width method
 []


Overfull \hbox (0.18628pt too wide) in paragraph at lines 130--130
\OT1/cmr/bx/n/14.4 scribe with schemat-ics and equa-tions, in-clud-
 []


Overfull \hbox (9.11964pt too wide) in paragraph at lines 136--136
[]\OT1/cmr/bx/n/14.4 Schematic, equa-tions and plots of the re-sponse
 []


Overfull \hbox (21.41637pt too wide) in paragraph at lines 142--142
[]\OT1/cmr/bx/n/14.4 Transmitted force in second-order (mass-spring-
 []


Overfull \hbox (9.11964pt too wide) in paragraph at lines 145--145
[]\OT1/cmr/bx/n/14.4 Schematic, equa-tions and plots of the re-sponse
 []


Overfull \hbox (1.01299pt too wide) in paragraph at lines 148--148
[]\OT1/cmr/bx/n/14.4 Energy ex-trac-tion from an os-cil-lat-ing second-
 []


Overfull \hbox (6.96474pt too wide) in paragraph at lines 148--148
\OT1/cmr/bx/n/14.4 order (mass-spring-damper) sys-tem sub-jected
 []


Overfull \hbox (3.9947pt too wide) in paragraph at lines 151--151
[]\OT1/cmr/bx/n/14.4 Effect of spring mass on the nat-u-ral fre-quency
 []


Overfull \hbox (15.86308pt too wide) in paragraph at lines 151--151
\OT1/cmr/bx/n/14.4 of second-order (mass-spring-damper) sys-tems:
 []


Overfull \hbox (11.98796pt too wide) in paragraph at lines 158--158
\OT1/cmr/bx/n/14.4 equa-tions of mo-tion and modal re-sponse, mode
 []


Overfull \hbox (10.21469pt too wide) in paragraph at lines 161--161
\OT1/cmr/bx/n/14.4 mass-damper-spring sys-tems: de-rive the equa-
 []


Overfull \hbox (8.53793pt too wide) in paragraph at lines 164--164
[]\OT1/cmr/bx/n/14.4 Forced mo-tion re-sponse of damped multi d.o.f.
 []


Overfull \hbox (10.21469pt too wide) in paragraph at lines 164--164
\OT1/cmr/bx/n/14.4 mass-damper-spring sys-tems: de-rive the equa-
 []


Overfull \hbox (8.53793pt too wide) in paragraph at lines 167--167
[]\OT1/cmr/bx/n/14.4 Forced mo-tion re-sponse of damped multi d.o.f.
 []


Overfull \hbox (10.21469pt too wide) in paragraph at lines 167--167
\OT1/cmr/bx/n/14.4 mass-damper-spring sys-tems: de-rive the equa-
 []


Overfull \hbox (4.8613pt too wide) in paragraph at lines 170--170
\OT1/cmr/bx/n/14.4 mo-tion; nat-u-ral fre-quen-cies and mode shapes;
 []


Overfull \hbox (0.79134pt too wide) in paragraph at lines 173--173
\OT1/cmr/bx/n/14.4 of a 6-d.o.f. mass-damper-spring sys-tem with
 []

[1

{/var/lib/texmf/fonts/map/pdftex/updmap/pdftex.map}]
Overfull \vbox (4033.04054pt too high) has occurred while \output is active []

 [2] (./MM4AQ&A.aux) ) 
Here is how much of TeX's memory you used:
 3571 strings out of 480171
 59276 string characters out of 5894490
 401957 words of memory out of 5000000
 21495 multiletter control sequences out of 15000+600000
 473573 words of font info for 43 fonts, out of 8000000 for 9000
 59 hyphenation exceptions out of 8191
 60i,6n,67p,459b,191s stack positions out of 5000i,500n,10000p,200000b,80000s
</usr/share/texlive/texmf-dist/fonts/type1/public/amsfonts/cm/cmbx12.pfb></usr/share/texlive/texmf-dist/fonts/type1/public/amsfonts/cm/cmr10.pfb></usr/share/texlive/texmf-dist/fonts/type1/public/amsfonts/cm/cmr12.pfb></usr/share/texlive/texmf-dist/fonts/type1/public/amsfonts/cm/cmr17.pfb>
Output written on MM4AQ&A.pdf (2 pages, 57628 bytes).
PDF statistics:
 31 PDF objects out of 1000 (max. 8388607)
 18 compressed objects within 1 object stream
 0 named destinations out of 1000 (max. 500000)
 1 words of extra memory for PDF output out of 10000 (max. 10000000)

